<?xml version="1.0" encoding="UTF-8"?>
<!-- Generated by org.testng.reporters.JUnitXMLReporter -->
<testsuite hostname="LAPTOP-P996N5GR" ignored="0" name="Test" tests="2" failures="1" timestamp="15 Apr 2021 20:43:39 GMT" time="7.604" errors="0">
  <testcase name="regisAPI" time="5.262" classname="com.dvd.test_autom.APITests"/>
  <testcase name="signOut" time="2.19" classname="com.dvd.test_autom.APITests">
    <failure type="java.lang.AssertionError" message="expected [true] but found [false]">
      <![CDATA[java.lang.AssertionError: expected [true] but found [false]
at com.dvd.utils.APIActions.verifyAPIResponseDetails(APIActions.java:14)
at com.dvd.test_autom.APITests.signOut(APITests.java:54)
at java.util.concurrent.ThreadPoolExecutor.runWorker(ThreadPoolExecutor.java:1149)
at java.util.concurrent.ThreadPoolExecutor$Worker.run(ThreadPoolExecutor.java:624)
at java.lang.Thread.run(Thread.java:748)
... Removed 16 stack frames]]>
    </failure>
  </testcase> <!-- signOut -->
</testsuite> <!-- Test -->
