<?xml version="1.0" encoding="UTF-8"?>
<testng-results skipped="0" failed="0" ignored="0" total="1" passed="1">
  <reporter-output>
  </reporter-output>
  <suite name="Suite" duration-ms="3969" started-at="2021-04-16T09:32:06Z" finished-at="2021-04-16T09:32:10Z">
    <groups>
    </groups>
    <test name="Test" duration-ms="3969" started-at="2021-04-16T09:32:06Z" finished-at="2021-04-16T09:32:10Z">
      <class name="com.dvd.test_autom.APITests">
        <test-method status="PASS" signature="regisAPI()[pri:1, instance:com.dvd.test_autom.APITests@255eaa6b]" name="regisAPI" duration-ms="3933" started-at="2021-04-16T09:32:06Z" finished-at="2021-04-16T09:32:10Z">
          <reporter-output>
          </reporter-output>
        </test-method> <!-- regisAPI -->
      </class> <!-- com.dvd.test_autom.APITests -->
    </test> <!-- Test -->
  </suite> <!-- Suite -->
</testng-results>
